<?xml version="1.0" encoding="UTF-8"?>
<Site BuildName="(empty)"
	BuildStamp="20230913-0645-Experimental"
	Name="help-Lenovo-Legion-Y7000"
	Generator="ctest-3.16.3"
	CompilerName="/usr/bin/c++"
	CompilerVersion="9.4.0"
	OSName="Linux"
	Hostname="help-Lenovo-Legion-Y7000"
	OSRelease="5.4.0-159-generic"
	OSVersion="#176-Ubuntu SMP Mon Aug 14 12:04:20 UTC 2023"
	OSPlatform="x86_64"
	Is64Bits="1"
	VendorString="GenuineIntel"
	VendorID="Intel Corporation"
	FamilyID="6"
	ModelID="158"
	ProcessorCacheSize="9216"
	NumberOfLogicalCPU="12"
	NumberOfPhysicalCPU="6"
	TotalVirtualMemory="9764"
	TotalPhysicalMemory="7816"
	LogicalProcessorsPerPhysical="2"
	ProcessorClockFrequency="3899.99"
	>
	<Testing>
		<StartDateTime>Sep 13 16:03 CST</StartDateTime>
		<StartTestTime>1694592194</StartTestTime>
		<TestList/>
		<EndDateTime>Sep 13 16:03 CST</EndDateTime>
		<EndTestTime>1694592194</EndTestTime>
		<ElapsedMinutes>0</ElapsedMinutes>
	</Testing>
</Site>
